<?xml version="1.0" encoding="UTF-8" ?>
<testsuite failures="0" time="4.262" errors="0" skipped="0" tests="5" name="org.openmobster.core.console.server.TestAccountActivation">
  <properties>
[...]
</properties>
  <testcase time="1.316" classname="org.openmobster.core.console.server.TestAccountActivation" name="testActivationToggle"/>
  <testcase time="0.735" classname="org.openmobster.core.console.server.TestAccountActivation" name="testActivateWithMissingInput"/>
  <testcase time="0.801" classname="org.openmobster.core.console.server.TestAccountActivation" name="testDeActivateWithMissingInput"/>
  <testcase time="0.696" classname="org.openmobster.core.console.server.TestAccountActivation" name="testDeactivateNonExistingAccount"/>
  <testcase time="0.712" classname="org.openmobster.core.console.server.TestAccountActivation" name="testActivateNonExistingAccount"/>
</testsuite>